[INFO] Scanning for projects...
[WARNING] 
[WARNING] Some problems were encountered while building the effective model for leadsm24:leadsm24:war:0.1-SNAPSHOT
[WARNING] 'build.plugins.plugin.version' for org.apache.maven.plugins:maven-javadoc-plugin is missing. @ line 134, column 21
[WARNING] 
[WARNING] It is highly recommended to fix these problems because they threaten the stability of your build.
[WARNING] 
[WARNING] For this reason, future Maven versions might no longer support building such malformed projects.
[WARNING] 
[INFO]                                                                         
[INFO] ------------------------------------------------------------------------
[INFO] Building leadsm24 0.1-SNAPSHOT
[INFO] ------------------------------------------------------------------------
[INFO] 
[INFO] --- maven-clean-plugin:2.5:clean (default-clean) @ leadsm24 ---
[INFO] Deleting /home/ubuntu/leadsdm/leadsm24rest/target
[INFO] 
[INFO] --- maven-resources-plugin:2.3:resources (default-resources) @ leadsm24 ---
[WARNING] Using platform encoding (ANSI_X3.4-1968 actually) to copy filtered resources, i.e. build is platform dependent!
[INFO] Copying 2 resources
[INFO] 
[INFO] --- maven-compiler-plugin:2.1:compile (default-compile) @ leadsm24 ---
[WARNING] File encoding has not been set, using platform encoding ANSI_X3.4-1968, i.e. build is platform dependent!
[INFO] Compiling 17 source files to /home/ubuntu/leadsdm/leadsm24rest/target/classes
[INFO] 
[INFO] --- maven-resources-plugin:2.3:resources (default-resources) @ leadsm24 ---
[WARNING] Using platform encoding (ANSI_X3.4-1968 actually) to copy filtered resources, i.e. build is platform dependent!
[INFO] Copying 2 resources
[INFO] 
[INFO] --- maven-compiler-plugin:2.1:compile (default-compile) @ leadsm24 ---
[INFO] Nothing to compile - all classes are up to date
[INFO] 
[INFO] --- maven-resources-plugin:2.3:testResources (default-testResources) @ leadsm24 ---
[WARNING] Using platform encoding (ANSI_X3.4-1968 actually) to copy filtered resources, i.e. build is platform dependent!
[INFO] skip non existing resourceDirectory /home/ubuntu/leadsdm/leadsm24rest/src/test/resources
[INFO] 
[INFO] --- maven-compiler-plugin:2.1:testCompile (default-testCompile) @ leadsm24 ---
[INFO] No sources to compile
[INFO] 
[INFO] --- maven-surefire-plugin:2.10:test (default-test) @ leadsm24 ---
[INFO] No tests to run.
[INFO] Surefire report directory: /home/ubuntu/leadsdm/leadsm24rest/target/surefire-reports

-------------------------------------------------------
 T E S T S
-------------------------------------------------------

Results :

Tests run: 0, Failures: 0, Errors: 0, Skipped: 0

[INFO] 
[INFO] --- exec-maven-plugin:1.3.2:java (default) @ leadsm24 ---
[WARNING] Warning: killAfter is now deprecated. Do you need it ? Please comment on MEXEC-6.
2014-10-28 23:22:30,409 [leadsm24.AppServer.main()] [          ] INFO  org.eclipse.jetty.server.Server - jetty-8.1.8.v20121106
2014-10-28 23:22:31,185 [leadsm24.AppServer.main()] [          ] INFO  restx.RestxMainRouterFactory - LOADING MAIN ROUTER
2014-10-28 23:22:31,187 [leadsm24.AppServer.main()] [          ] INFO  restx.RestxMainRouterFactory - 
--------------------------------------
 -- RESTX >> LOAD ON REQUEST << >> DEV MODE << >> AUTO COMPILE <<
 -- for admin console,
 --   VISIT http://127.0.0.1:8081/eu.leads.api/@/ui/
 --

2014-10-28 23:22:32,892 [leadsm24.AppServer.main()] [          ] WARN  / - unavailable
java.lang.RuntimeException: java.lang.RuntimeException: Compilation failed:
src/main/java/eu/leads/api/m24/func/Functionality1A.java:13: error: package com.datastax.driver.core does not exist
import com.datastax.driver.core.ResultSet;
                               ^
src/main/java/eu/leads/api/m24/func/Functionality1A.java:14: error: package com.datastax.driver.core does not exist
import com.datastax.driver.core.Row;
                               ^
src/main/java/eu/leads/api/m24/func/Functionality1A.java:15: error: package com.datastax.driver.core does not exist
import com.datastax.driver.core.Session;
                               ^
src/main/java/eu/leads/api/m24/func/Functionality2.java:14: error: package com.datastax.driver.core does not exist
import com.datastax.driver.core.ResultSet;
                               ^
src/main/java/eu/leads/api/m24/func/Functionality2.java:15: error: package com.datastax.driver.core does not exist
import com.datastax.driver.core.Row;
                               ^
src/main/java/eu/leads/api/m24/func/Functionality2.java:16: error: package com.datastax.driver.core does not exist
import com.datastax.driver.core.Session;
                               ^
src/main/java/eu/leads/api/m24/func/Functionality1.java:9: error: package com.datastax.driver.core does not exist
import com.datastax.driver.core.ResultSet;
                               ^
src/main/java/eu/leads/api/m24/func/Functionality1.java:10: error: package com.datastax.driver.core does not exist
import com.datastax.driver.core.Row;
                               ^
src/main/java/eu/leads/api/m24/func/Functionality1.java:11: error: package com.datastax.driver.core does not exist
import com.datastax.driver.core.Session;
                               ^
src/main/java/eu/leads/infext/Useful.java:18: error: package org.hamcrest does not exist
import org.hamcrest.Description;
                   ^
src/main/java/eu/leads/infext/Useful.java:19: error: package org.hamcrest does not exist
import org.hamcrest.Factory;
                   ^
src/main/java/eu/leads/infext/Useful.java:20: error: package org.hamcrest does not exist
import org.hamcrest.Matcher;
                   ^
src/main/java/eu/leads/infext/Useful.java:21: error: package org.hamcrest does not exist
import org.hamcrest.TypeSafeMatcher;
                   ^
src/main/java/eu/leads/infext/Useful.java:22: error: package org.json does not exist
import org.json.JSONArray;
               ^
src/main/java/eu/leads/infext/Useful.java:23: error: package org.json does not exist
import org.json.JSONException;
               ^
src/main/java/eu/leads/infext/Useful.java:24: error: package org.json does not exist
import org.json.JSONObject;
               ^
src/main/java/eu/leads/infext/Useful.java:307: error: cannot find symbol
	public static Matcher<Object> matches(String regex) {
	              ^
  symbol:   class Matcher
  location: class eu.leads.infext.Useful
src/main/java/eu/leads/infext/Useful.java:285: error: cannot find symbol
	static class StringMatchesMatcher extends TypeSafeMatcher<Object> {
	                                          ^
  symbol:   class TypeSafeMatcher
  location: class eu.leads.infext.Useful
src/main/java/eu/leads/infext/Useful.java:301: error: cannot find symbol
	    public void describeTo(Description description) {
	                           ^
  symbol:   class Description
  location: class eu.leads.infext.Useful.StringMatchesMatcher
src/main/java/eu/leads/infext/datastore/impl/CassandraCQLDataStore.java:3: error: package ch.lambdaj does not exist
import static ch.lambdaj.Lambda.filter;
                        ^
src/main/java/eu/leads/infext/datastore/impl/CassandraCQLDataStore.java:3: error: static import only from classes and interfaces
import static ch.lambdaj.Lambda.filter;
^
src/main/java/eu/leads/infext/datastore/impl/CassandraCQLDataStore.java:19: error: package com.datastax.driver.core does not exist
import com.datastax.driver.core.BoundStatement;
                               ^
src/main/java/eu/leads/infext/datastore/impl/CassandraCQLDataStore.java:20: error: package com.datastax.driver.core does not exist
import com.datastax.driver.core.Cluster;
                               ^
src/main/java/eu/leads/infext/datastore/impl/CassandraCQLDataStore.java:21: error: package com.datastax.driver.core does not exist
import com.datastax.driver.core.ColumnDefinitions;
                               ^
src/main/java/eu/leads/infext/datastore/impl/CassandraCQLDataStore.java:22: error: package com.datastax.driver.core.ColumnDefinitions does not exist
import com.datastax.driver.core.ColumnDefinitions.Definition;
                                                 ^
src/main/java/eu/leads/infext/datastore/impl/CassandraCQLDataStore.java:23: error: package com.datastax.driver.core does not exist
import com.datastax.driver.core.DataType;
                               ^
src/main/java/eu/leads/infext/datastore/impl/CassandraCQLDataStore.java:24: error: package com.datastax.driver.core does not exist
import com.datastax.driver.core.Host;
                               ^
src/main/java/eu/leads/infext/datastore/impl/CassandraCQLDataStore.java:25: error: package com.datastax.driver.core does not exist
import com.datastax.driver.core.Metadata;
                               ^
src/main/java/eu/leads/infext/datastore/impl/CassandraCQLDataStore.java:26: error: package com.datastax.driver.core does not exist
import com.datastax.driver.core.PreparedStatement;
                               ^
src/main/java/eu/leads/infext/datastore/impl/CassandraCQLDataStore.java:27: error: package com.datastax.driver.core does not exist
import com.datastax.driver.core.ResultSet;
                               ^
src/main/java/eu/leads/infext/datastore/impl/CassandraCQLDataStore.java:28: error: package com.datastax.driver.core does not exist
import com.datastax.driver.core.Row;
                               ^
src/main/java/eu/leads/infext/datastore/impl/CassandraCQLDataStore.java:29: error: package com.datastax.driver.core does not exist
import com.datastax.driver.core.Session;
                               ^
src/main/java/eu/leads/infext/datastore/impl/CassandraCQLDataStore.java:30: error: package com.datastax.driver.core does not exist
import com.datastax.driver.core.SimpleStatement;
                               ^
src/main/java/eu/leads/infext/datastore/impl/CassandraCQLDataStore.java:31: error: package com.datastax.driver.core does not exist
import com.datastax.driver.core.Statement;
                               ^
src/main/java/eu/leads/infext/datastore/impl/CassandraCQLDataStore.java:40: error: cannot find symbol
	private Cluster cluster;
	        ^
  symbol:   class Cluster
  location: class eu.leads.infext.datastore.impl.CassandraCQLDataStore
src/main/java/eu/leads/infext/datastore/impl/CassandraCQLDataStore.java:41: error: cannot find symbol
	private Session session;
	        ^
  symbol:   class Session
  location: class eu.leads.infext.datastore.impl.CassandraCQLDataStore
src/main/java/eu/leads/infext/datastore/impl/CassandraCQLDataStore.java:400: error: cannot find symbol
	private Iterator<Row> urisIterator = null;
	                 ^
  symbol:   class Row
  location: class eu.leads.infext.datastore.impl.CassandraCQLDataStore
src/main/java/leadsm24/AppModule.java:3: error: package restx.config does not exist
import restx.config.ConfigLoader;
                   ^
src/main/java/leadsm24/AppModule.java:4: error: package restx.config does not exist
import restx.config.ConfigSupplier;
                   ^
src/main/java/leadsm24/AppModule.java:5: error: package restx.factory does not exist
import restx.factory.Provides;
                    ^
src/main/java/leadsm24/AppModule.java:7: error: package com.fasterxml.jackson.databind does not exist
import com.fasterxml.jackson.databind.ObjectMapper;
                                     ^
src/main/java/leadsm24/AppModule.java:8: error: package com.google.common.base does not exist
import com.google.common.base.Charsets;
                             ^
src/main/java/leadsm24/AppModule.java:9: error: package com.google.common.collect does not exist
import com.google.common.collect.ImmutableSet;
                                ^
src/main/java/leadsm24/AppModule.java:10: error: package restx.security does not exist
import restx.security.*;
^
src/main/java/leadsm24/AppModule.java:11: error: package restx.factory does not exist
import restx.factory.Module;
                    ^
src/main/java/leadsm24/AppModule.java:12: error: package restx.factory does not exist
import restx.factory.Provides;
                    ^
src/main/java/leadsm24/AppModule.java:13: error: package javax.inject does not exist
import javax.inject.Named;
                   ^
src/main/java/leadsm24/AppModule.java:17: error: cannot find symbol
@Module
 ^
  symbol: class Module
src/main/java/leadsm24/AppModule.java:20: error: cannot find symbol
    public SignatureKey signatureKey() {
           ^
  symbol:   class SignatureKey
  location: class leadsm24.AppModule
src/main/java/leadsm24/AppModule.java:31: error: cannot find symbol
    public ConfigSupplier appConfigSupplier(ConfigLoader configLoader) {
                                            ^
  symbol:   class ConfigLoader
  location: class leadsm24.AppModule
src/main/java/leadsm24/AppModule.java:31: error: cannot find symbol
    public ConfigSupplier appConfigSupplier(ConfigLoader configLoader) {
           ^
  symbol:   class ConfigSupplier
  location: class leadsm24.AppModule
src/main/java/leadsm24/AppModule.java:37: error: cannot find symbol
    public CredentialsStrategy credentialsStrategy() {
           ^
  symbol:   class CredentialsStrategy
  location: class leadsm24.AppModule
src/main/java/leadsm24/AppModule.java:43: error: cannot find symbol
            SecuritySettings securitySettings, CredentialsStrategy credentialsStrategy,
            ^
  symbol:   class SecuritySettings
  location: class leadsm24.AppModule
src/main/java/leadsm24/AppModule.java:43: error: cannot find symbol
            SecuritySettings securitySettings, CredentialsStrategy credentialsStrategy,
                                               ^
  symbol:   class CredentialsStrategy
  location: class leadsm24.AppModule
src/main/java/leadsm24/AppModule.java:44: error: cannot find symbol
            @Named("restx.admin.passwordHash") String defaultAdminPasswordHash, ObjectMapper mapper) {
                                                                                ^
  symbol:   class ObjectMapper
  location: class leadsm24.AppModule
src/main/java/leadsm24/AppModule.java:42: error: cannot find symbol
    public BasicPrincipalAuthenticator basicPrincipalAuthenticator(
           ^
  symbol:   class BasicPrincipalAuthenticator
  location: class leadsm24.AppModule
src/main/java/leadsm24/AppServer.java:3: error: package com.google.common.base does not exist
import com.google.common.base.Optional;
                             ^
src/main/java/leadsm24/AppServer.java:4: error: package restx.server does not exist
import restx.server.WebServer;
                   ^
src/main/java/leadsm24/AppServer.java:5: error: package restx.server does not exist
import restx.server.JettyWebServer;
                   ^
src/main/java/leadsm24/rest/LEADSM24Resource.java:9: error: package org.json does not exist
import org.json.JSONArray;
               ^
src/main/java/leadsm24/rest/LEADSM24Resource.java:10: error: package org.json does not exist
import org.json.JSONObject;
               ^
src/main/java/leadsm24/rest/LEADSM24Resource.java:23: error: package restx.annotations does not exist
import restx.annotations.GET;
                        ^
src/main/java/leadsm24/rest/LEADSM24Resource.java:24: error: package restx.annotations does not exist
import restx.annotations.RestxResource;
                        ^
src/main/java/leadsm24/rest/LEADSM24Resource.java:25: error: package restx.factory does not exist
import restx.factory.Component;
                    ^
src/main/java/leadsm24/rest/LEADSM24Resource.java:26: error: package restx.security does not exist
import restx.security.PermitAll;
                     ^
src/main/java/leadsm24/rest/LEADSM24Resource.java:27: error: package restx.security does not exist
import restx.security.RolesAllowed;
                     ^
src/main/java/leadsm24/rest/LEADSM24Resource.java:28: error: package restx.security does not exist
import restx.security.RestxSession;
                     ^
src/main/java/leadsm24/rest/LEADSM24Resource.java:30: error: cannot find symbol
@Component @RestxResource
 ^
  symbol: class Component
src/main/java/leadsm24/rest/LEADSM24Resource.java:30: error: cannot find symbol
@Component @RestxResource
            ^
  symbol: class RestxResource
src/main/java/eu/leads/infext/Useful.java:306: error: cannot find symbol
	@Factory
	 ^
  symbol:   class Factory
  location: class eu.leads.infext.Useful
src/main/java/leadsm24/AppModule.java:19: error: cannot find symbol
    @Provides
     ^
  symbol:   class Provides
  location: class leadsm24.AppModule
src/main/java/leadsm24/AppModule.java:24: error: cannot find symbol
    @Provides
     ^
  symbol:   class Provides
  location: class leadsm24.AppModule
src/main/java/leadsm24/AppModule.java:25: error: cannot find symbol
    @Named("restx.admin.password")
     ^
  symbol:   class Named
  location: class leadsm24.AppModule
src/main/java/leadsm24/AppModule.java:30: error: cannot find symbol
    @Provides
     ^
  symbol:   class Provides
  location: class leadsm24.AppModule
src/main/java/leadsm24/AppModule.java:36: error: cannot find symbol
    @Provides
     ^
  symbol:   class Provides
  location: class leadsm24.AppModule
src/main/java/leadsm24/AppModule.java:44: error: cannot find symbol
            @Named("restx.admin.passwordHash") String defaultAdminPasswordHash, ObjectMapper mapper) {
             ^
  symbol:   class Named
  location: class leadsm24.AppModule
src/main/java/leadsm24/AppModule.java:41: error: cannot find symbol
    @Provides
     ^
  symbol:   class Provides
  location: class leadsm24.AppModule
src/main/java/leadsm24/rest/LEADSM24Resource.java:34: error: cannot find symbol
    @GET("/F1")
     ^
  symbol:   class GET
  location: class leadsm24.rest.LEADSM24Resource
src/main/java/leadsm24/rest/LEADSM24Resource.java:35: error: cannot find symbol
    @RolesAllowed(Roles.HELLO_ROLE)
     ^
  symbol:   class RolesAllowed
  location: class leadsm24.rest.LEADSM24Resource
src/main/java/leadsm24/rest/LEADSM24Resource.java:76: error: cannot find symbol
    @GET("/F1A")
     ^
  symbol:   class GET
  location: class leadsm24.rest.LEADSM24Resource
src/main/java/leadsm24/rest/LEADSM24Resource.java:77: error: cannot find symbol
    @RolesAllowed(Roles.HELLO_ROLE)
     ^
  symbol:   class RolesAllowed
  location: class leadsm24.rest.LEADSM24Resource
src/main/java/leadsm24/rest/LEADSM24Resource.java:112: error: cannot find symbol
    @GET("/F2")
     ^
  symbol:   class GET
  location: class leadsm24.rest.LEADSM24Resource
src/main/java/leadsm24/rest/LEADSM24Resource.java:113: error: cannot find symbol
    @RolesAllowed(Roles.HELLO_ROLE)
     ^
  symbol:   class RolesAllowed
  location: class leadsm24.rest.LEADSM24Resource
src/main/java/eu/leads/api/m24/func/Functionality1A.java:133: error: cannot find symbol
		Session session = (Session) DataStoreSingleton.getDataStore().getFamilyStorageHandle(null);
		^
  symbol:   class Session
  location: class eu.leads.api.m24.func.Functionality1A
src/main/java/eu/leads/api/m24/func/Functionality1A.java:133: error: cannot find symbol
		Session session = (Session) DataStoreSingleton.getDataStore().getFamilyStorageHandle(null);
		                   ^
  symbol:   class Session
  location: class eu.leads.api.m24.func.Functionality1A
src/main/java/eu/leads/api/m24/func/Functionality1A.java:150: error: cannot find symbol
			ResultSet rs = session.execute(query1);
			^
  symbol:   class ResultSet
  location: class eu.leads.api.m24.func.Functionality1A
src/main/java/eu/leads/api/m24/func/Functionality1A.java:151: error: cannot find symbol
			for(Row row : rs)
			    ^
  symbol:   class Row
  location: class eu.leads.api.m24.func.Functionality1A
src/main/java/eu/leads/api/m24/func/Functionality1A.java:175: error: cannot find symbol
				ResultSet rs2 = session.execute(query2);
				^
  symbol:   class ResultSet
  location: class eu.leads.api.m24.func.Functionality1A
src/main/java/eu/leads/api/m24/func/Functionality1A.java:177: error: cannot find symbol
					Row row = rs2.iterator().next();
					^
  symbol:   class Row
  location: class eu.leads.api.m24.func.Functionality1A
src/main/java/eu/leads/api/m24/func/Functionality1A.java:198: error: cannot find symbol
					ResultSet rs3 = session.execute(query3);	
					^
  symbol:   class ResultSet
  location: class eu.leads.api.m24.func.Functionality1A
src/main/java/eu/leads/api/m24/func/Functionality1A.java:200: error: cannot find symbol
						Row row = rs3.iterator().next();
						^
  symbol:   class Row
  location: class eu.leads.api.m24.func.Functionality1A
src/main/java/eu/leads/api/m24/func/Functionality2.java:133: error: cannot find symbol
		Session session = (Session) DataStoreSingleton.getDataStore().getFamilyStorageHandle(null);
		^
  symbol:   class Session
  location: class eu.leads.api.m24.func.Functionality2
src/main/java/eu/leads/api/m24/func/Functionality2.java:133: error: cannot find symbol
		Session session = (Session) DataStoreSingleton.getDataStore().getFamilyStorageHandle(null);
		                   ^
  symbol:   class Session
  location: class eu.leads.api.m24.func.Functionality2
src/main/java/eu/leads/api/m24/func/Functionality2.java:147: error: cannot find symbol
			ResultSet rs = session.execute(query1);
			^
  symbol:   class ResultSet
  location: class eu.leads.api.m24.func.Functionality2
src/main/java/eu/leads/api/m24/func/Functionality2.java:148: error: cannot find symbol
			for(Row row : rs) {
			    ^
  symbol:   class Row
  location: class eu.leads.api.m24.func.Functionality2
src/main/java/eu/leads/api/m24/func/Functionality2.java:167: error: cannot find symbol
			ResultSet rs = session.execute(query2);
			^
  symbol:   class ResultSet
  location: class eu.leads.api.m24.func.Functionality2
src/main/java/eu/leads/api/m24/func/Functionality1.java:119: error: cannot find symbol
		Session session = (Session) DataStoreSingleton.getDataStore().getFamilyStorageHandle(null);
		^
  symbol:   class Session
  location: class eu.leads.api.m24.func.Functionality1
src/main/java/eu/leads/api/m24/func/Functionality1.java:119: error: cannot find symbol
		Session session = (Session) DataStoreSingleton.getDataStore().getFamilyStorageHandle(null);
		                   ^
  symbol:   class Session
  location: class eu.leads.api.m24.func.Functionality1
src/main/java/eu/leads/api/m24/func/Functionality1.java:136: error: cannot find symbol
			ResultSet rs = session.execute(query1);
			^
  symbol:   class ResultSet
  location: class eu.leads.api.m24.func.Functionality1
src/main/java/eu/leads/api/m24/func/Functionality1.java:137: error: cannot find symbol
			for(Row row : rs) {
			    ^
  symbol:   class Row
  location: class eu.leads.api.m24.func.Functionality1

	at restx.classloader.CompilationManager.incrementalCompile(CompilationManager.java:340) ~[restx-classloader-0.33.1.jar:na]
	at restx.RestxMainRouterFactory.build(RestxMainRouterFactory.java:381) ~[restx-core-0.33.1.jar:na]
	at restx.RestxMainRouterFactory.newInstance(RestxMainRouterFactory.java:60) ~[restx-core-0.33.1.jar:na]
	at restx.servlet.RestxMainRouterServlet.init(RestxMainRouterServlet.java:67) ~[restx-servlet-0.33.1.jar:na]
	at org.eclipse.jetty.servlet.ServletHolder.initServlet(ServletHolder.java:519) [jetty-servlet-8.1.8.v20121106.jar:8.1.8.v20121106]
	at org.eclipse.jetty.servlet.ServletHolder.doStart(ServletHolder.java:331) [jetty-servlet-8.1.8.v20121106.jar:8.1.8.v20121106]
	at org.eclipse.jetty.util.component.AbstractLifeCycle.start(AbstractLifeCycle.java:64) [jetty-util-8.1.8.v20121106.jar:8.1.8.v20121106]
	at org.eclipse.jetty.servlet.ServletHandler.initialize(ServletHandler.java:747) [jetty-servlet-8.1.8.v20121106.jar:8.1.8.v20121106]
	at org.eclipse.jetty.servlet.ServletContextHandler.startContext(ServletContextHandler.java:265) [jetty-servlet-8.1.8.v20121106.jar:8.1.8.v20121106]
	at org.eclipse.jetty.webapp.WebAppContext.startContext(WebAppContext.java:1250) [jetty-webapp-8.1.8.v20121106.jar:8.1.8.v20121106]
	at org.eclipse.jetty.server.handler.ContextHandler.doStart(ContextHandler.java:706) [jetty-server-8.1.8.v20121106.jar:8.1.8.v20121106]
	at org.eclipse.jetty.webapp.WebAppContext.doStart(WebAppContext.java:492) [jetty-webapp-8.1.8.v20121106.jar:8.1.8.v20121106]
	at org.eclipse.jetty.util.component.AbstractLifeCycle.start(AbstractLifeCycle.java:64) [jetty-util-8.1.8.v20121106.jar:8.1.8.v20121106]
	at org.eclipse.jetty.server.handler.HandlerCollection.doStart(HandlerCollection.java:229) [jetty-server-8.1.8.v20121106.jar:8.1.8.v20121106]
	at org.eclipse.jetty.util.component.AbstractLifeCycle.start(AbstractLifeCycle.java:64) [jetty-util-8.1.8.v20121106.jar:8.1.8.v20121106]
	at org.eclipse.jetty.server.handler.HandlerCollection.doStart(HandlerCollection.java:229) [jetty-server-8.1.8.v20121106.jar:8.1.8.v20121106]
	at org.eclipse.jetty.util.component.AbstractLifeCycle.start(AbstractLifeCycle.java:64) [jetty-util-8.1.8.v20121106.jar:8.1.8.v20121106]
	at org.eclipse.jetty.server.handler.HandlerWrapper.doStart(HandlerWrapper.java:95) [jetty-server-8.1.8.v20121106.jar:8.1.8.v20121106]
	at org.eclipse.jetty.server.Server.doStart(Server.java:277) [jetty-server-8.1.8.v20121106.jar:8.1.8.v20121106]
	at org.eclipse.jetty.util.component.AbstractLifeCycle.start(AbstractLifeCycle.java:64) [jetty-util-8.1.8.v20121106.jar:8.1.8.v20121106]
	at restx.server.JettyWebServer.start(JettyWebServer.java:113) [restx-server-jetty-0.33.1.jar:na]
	at restx.server.JettyWebServer.startAndAwait(JettyWebServer.java:118) [restx-server-jetty-0.33.1.jar:na]
	at leadsm24.AppServer.main(AppServer.java:30) [classes/:na]
	at sun.reflect.NativeMethodAccessorImpl.invoke0(Native Method) ~[na:1.7.0_72]
	at sun.reflect.NativeMethodAccessorImpl.invoke(NativeMethodAccessorImpl.java:57) ~[na:1.7.0_72]
	at sun.reflect.DelegatingMethodAccessorImpl.invoke(DelegatingMethodAccessorImpl.java:43) ~[na:1.7.0_72]
	at java.lang.reflect.Method.invoke(Method.java:606) ~[na:1.7.0_72]
	at org.codehaus.mojo.exec.ExecJavaMojo$1.run(ExecJavaMojo.java:293) [exec-maven-plugin-1.3.2.jar:na]
	at java.lang.Thread.run(Thread.java:745) [na:1.7.0_72]
Caused by: java.lang.RuntimeException: Compilation failed:
src/main/java/eu/leads/api/m24/func/Functionality1A.java:13: error: package com.datastax.driver.core does not exist
import com.datastax.driver.core.ResultSet;
                               ^
src/main/java/eu/leads/api/m24/func/Functionality1A.java:14: error: package com.datastax.driver.core does not exist
import com.datastax.driver.core.Row;
                               ^
src/main/java/eu/leads/api/m24/func/Functionality1A.java:15: error: package com.datastax.driver.core does not exist
import com.datastax.driver.core.Session;
                               ^
src/main/java/eu/leads/api/m24/func/Functionality2.java:14: error: package com.datastax.driver.core does not exist
import com.datastax.driver.core.ResultSet;
                               ^
src/main/java/eu/leads/api/m24/func/Functionality2.java:15: error: package com.datastax.driver.core does not exist
import com.datastax.driver.core.Row;
                               ^
src/main/java/eu/leads/api/m24/func/Functionality2.java:16: error: package com.datastax.driver.core does not exist
import com.datastax.driver.core.Session;
                               ^
src/main/java/eu/leads/api/m24/func/Functionality1.java:9: error: package com.datastax.driver.core does not exist
import com.datastax.driver.core.ResultSet;
                               ^
src/main/java/eu/leads/api/m24/func/Functionality1.java:10: error: package com.datastax.driver.core does not exist
import com.datastax.driver.core.Row;
                               ^
src/main/java/eu/leads/api/m24/func/Functionality1.java:11: error: package com.datastax.driver.core does not exist
import com.datastax.driver.core.Session;
                               ^
src/main/java/eu/leads/infext/Useful.java:18: error: package org.hamcrest does not exist
import org.hamcrest.Description;
                   ^
src/main/java/eu/leads/infext/Useful.java:19: error: package org.hamcrest does not exist
import org.hamcrest.Factory;
                   ^
src/main/java/eu/leads/infext/Useful.java:20: error: package org.hamcrest does not exist
import org.hamcrest.Matcher;
                   ^
src/main/java/eu/leads/infext/Useful.java:21: error: package org.hamcrest does not exist
import org.hamcrest.TypeSafeMatcher;
                   ^
src/main/java/eu/leads/infext/Useful.java:22: error: package org.json does not exist
import org.json.JSONArray;
               ^
src/main/java/eu/leads/infext/Useful.java:23: error: package org.json does not exist
import org.json.JSONException;
               ^
src/main/java/eu/leads/infext/Useful.java:24: error: package org.json does not exist
import org.json.JSONObject;
               ^
src/main/java/eu/leads/infext/Useful.java:307: error: cannot find symbol
	public static Matcher<Object> matches(String regex) {
	              ^
  symbol:   class Matcher
  location: class eu.leads.infext.Useful
src/main/java/eu/leads/infext/Useful.java:285: error: cannot find symbol
	static class StringMatchesMatcher extends TypeSafeMatcher<Object> {
	                                          ^
  symbol:   class TypeSafeMatcher
  location: class eu.leads.infext.Useful
src/main/java/eu/leads/infext/Useful.java:301: error: cannot find symbol
	    public void describeTo(Description description) {
	                           ^
  symbol:   class Description
  location: class eu.leads.infext.Useful.StringMatchesMatcher
src/main/java/eu/leads/infext/datastore/impl/CassandraCQLDataStore.java:3: error: package ch.lambdaj does not exist
import static ch.lambdaj.Lambda.filter;
                        ^
src/main/java/eu/leads/infext/datastore/impl/CassandraCQLDataStore.java:3: error: static import only from classes and interfaces
import static ch.lambdaj.Lambda.filter;
^
src/main/java/eu/leads/infext/datastore/impl/CassandraCQLDataStore.java:19: error: package com.datastax.driver.core does not exist
import com.datastax.driver.core.BoundStatement;
                               ^
src/main/java/eu/leads/infext/datastore/impl/CassandraCQLDataStore.java:20: error: package com.datastax.driver.core does not exist
import com.datastax.driver.core.Cluster;
                               ^
src/main/java/eu/leads/infext/datastore/impl/CassandraCQLDataStore.java:21: error: package com.datastax.driver.core does not exist
import com.datastax.driver.core.ColumnDefinitions;
                               ^
src/main/java/eu/leads/infext/datastore/impl/CassandraCQLDataStore.java:22: error: package com.datastax.driver.core.ColumnDefinitions does not exist
import com.datastax.driver.core.ColumnDefinitions.Definition;
                                                 ^
src/main/java/eu/leads/infext/datastore/impl/CassandraCQLDataStore.java:23: error: package com.datastax.driver.core does not exist
import com.datastax.driver.core.DataType;
                               ^
src/main/java/eu/leads/infext/datastore/impl/CassandraCQLDataStore.java:24: error: package com.datastax.driver.core does not exist
import com.datastax.driver.core.Host;
                               ^
src/main/java/eu/leads/infext/datastore/impl/CassandraCQLDataStore.java:25: error: package com.datastax.driver.core does not exist
import com.datastax.driver.core.Metadata;
                               ^
src/main/java/eu/leads/infext/datastore/impl/CassandraCQLDataStore.java:26: error: package com.datastax.driver.core does not exist
import com.datastax.driver.core.PreparedStatement;
                               ^
src/main/java/eu/leads/infext/datastore/impl/CassandraCQLDataStore.java:27: error: package com.datastax.driver.core does not exist
import com.datastax.driver.core.ResultSet;
                               ^
src/main/java/eu/leads/infext/datastore/impl/CassandraCQLDataStore.java:28: error: package com.datastax.driver.core does not exist
import com.datastax.driver.core.Row;
                               ^
src/main/java/eu/leads/infext/datastore/impl/CassandraCQLDataStore.java:29: error: package com.datastax.driver.core does not exist
import com.datastax.driver.core.Session;
                               ^
src/main/java/eu/leads/infext/datastore/impl/CassandraCQLDataStore.java:30: error: package com.datastax.driver.core does not exist
import com.datastax.driver.core.SimpleStatement;
                               ^
src/main/java/eu/leads/infext/datastore/impl/CassandraCQLDataStore.java:31: error: package com.datastax.driver.core does not exist
import com.datastax.driver.core.Statement;
                               ^
src/main/java/eu/leads/infext/datastore/impl/CassandraCQLDataStore.java:40: error: cannot find symbol
	private Cluster cluster;
	        ^
  symbol:   class Cluster
  location: class eu.leads.infext.datastore.impl.CassandraCQLDataStore
src/main/java/eu/leads/infext/datastore/impl/CassandraCQLDataStore.java:41: error: cannot find symbol
	private Session session;
	        ^
  symbol:   class Session
  location: class eu.leads.infext.datastore.impl.CassandraCQLDataStore
src/main/java/eu/leads/infext/datastore/impl/CassandraCQLDataStore.java:400: error: cannot find symbol
	private Iterator<Row> urisIterator = null;
	                 ^
  symbol:   class Row
  location: class eu.leads.infext.datastore.impl.CassandraCQLDataStore
src/main/java/leadsm24/AppModule.java:3: error: package restx.config does not exist
import restx.config.ConfigLoader;
                   ^
src/main/java/leadsm24/AppModule.java:4: error: package restx.config does not exist
import restx.config.ConfigSupplier;
                   ^
src/main/java/leadsm24/AppModule.java:5: error: package restx.factory does not exist
import restx.factory.Provides;
                    ^
src/main/java/leadsm24/AppModule.java:7: error: package com.fasterxml.jackson.databind does not exist
import com.fasterxml.jackson.databind.ObjectMapper;
                                     ^
src/main/java/leadsm24/AppModule.java:8: error: package com.google.common.base does not exist
import com.google.common.base.Charsets;
                             ^
src/main/java/leadsm24/AppModule.java:9: error: package com.google.common.collect does not exist
import com.google.common.collect.ImmutableSet;
                                ^
src/main/java/leadsm24/AppModule.java:10: error: package restx.security does not exist
import restx.security.*;
^
src/main/java/leadsm24/AppModule.java:11: error: package restx.factory does not exist
import restx.factory.Module;
                    ^
src/main/java/leadsm24/AppModule.java:12: error: package restx.factory does not exist
import restx.factory.Provides;
                    ^
src/main/java/leadsm24/AppModule.java:13: error: package javax.inject does not exist
import javax.inject.Named;
                   ^
src/main/java/leadsm24/AppModule.java:17: error: cannot find symbol
@Module
 ^
  symbol: class Module
src/main/java/leadsm24/AppModule.java:20: error: cannot find symbol
    public SignatureKey signatureKey() {
           ^
  symbol:   class SignatureKey
  location: class leadsm24.AppModule
src/main/java/leadsm24/AppModule.java:31: error: cannot find symbol
    public ConfigSupplier appConfigSupplier(ConfigLoader configLoader) {
                                            ^
  symbol:   class ConfigLoader
  location: class leadsm24.AppModule
src/main/java/leadsm24/AppModule.java:31: error: cannot find symbol
    public ConfigSupplier appConfigSupplier(ConfigLoader configLoader) {
           ^
  symbol:   class ConfigSupplier
  location: class leadsm24.AppModule
src/main/java/leadsm24/AppModule.java:37: error: cannot find symbol
    public CredentialsStrategy credentialsStrategy() {
           ^
  symbol:   class CredentialsStrategy
  location: class leadsm24.AppModule
src/main/java/leadsm24/AppModule.java:43: error: cannot find symbol
            SecuritySettings securitySettings, CredentialsStrategy credentialsStrategy,
            ^
  symbol:   class SecuritySettings
  location: class leadsm24.AppModule
src/main/java/leadsm24/AppModule.java:43: error: cannot find symbol
            SecuritySettings securitySettings, CredentialsStrategy credentialsStrategy,
                                               ^
  symbol:   class CredentialsStrategy
  location: class leadsm24.AppModule
src/main/java/leadsm24/AppModule.java:44: error: cannot find symbol
            @Named("restx.admin.passwordHash") String defaultAdminPasswordHash, ObjectMapper mapper) {
                                                                                ^
  symbol:   class ObjectMapper
  location: class leadsm24.AppModule
src/main/java/leadsm24/AppModule.java:42: error: cannot find symbol
    public BasicPrincipalAuthenticator basicPrincipalAuthenticator(
           ^
  symbol:   class BasicPrincipalAuthenticator
  location: class leadsm24.AppModule
src/main/java/leadsm24/AppServer.java:3: error: package com.google.common.base does not exist
import com.google.common.base.Optional;
                             ^
src/main/java/leadsm24/AppServer.java:4: error: package restx.server does not exist
import restx.server.WebServer;
                   ^
src/main/java/leadsm24/AppServer.java:5: error: package restx.server does not exist
import restx.server.JettyWebServer;
                   ^
src/main/java/leadsm24/rest/LEADSM24Resource.java:9: error: package org.json does not exist
import org.json.JSONArray;
               ^
src/main/java/leadsm24/rest/LEADSM24Resource.java:10: error: package org.json does not exist
import org.json.JSONObject;
               ^
src/main/java/leadsm24/rest/LEADSM24Resource.java:23: error: package restx.annotations does not exist
import restx.annotations.GET;
                        ^
src/main/java/leadsm24/rest/LEADSM24Resource.java:24: error: package restx.annotations does not exist
import restx.annotations.RestxResource;
                        ^
src/main/java/leadsm24/rest/LEADSM24Resource.java:25: error: package restx.factory does not exist
import restx.factory.Component;
                    ^
src/main/java/leadsm24/rest/LEADSM24Resource.java:26: error: package restx.security does not exist
import restx.security.PermitAll;
                     ^
src/main/java/leadsm24/rest/LEADSM24Resource.java:27: error: package restx.security does not exist
import restx.security.RolesAllowed;
                     ^
src/main/java/leadsm24/rest/LEADSM24Resource.java:28: error: package restx.security does not exist
import restx.security.RestxSession;
                     ^
src/main/java/leadsm24/rest/LEADSM24Resource.java:30: error: cannot find symbol
@Component @RestxResource
 ^
  symbol: class Component
src/main/java/leadsm24/rest/LEADSM24Resource.java:30: error: cannot find symbol
@Component @RestxResource
            ^
  symbol: class RestxResource
src/main/java/eu/leads/infext/Useful.java:306: error: cannot find symbol
	@Factory
	 ^
  symbol:   class Factory
  location: class eu.leads.infext.Useful
src/main/java/leadsm24/AppModule.java:19: error: cannot find symbol
    @Provides
     ^
  symbol:   class Provides
  location: class leadsm24.AppModule
src/main/java/leadsm24/AppModule.java:24: error: cannot find symbol
    @Provides
     ^
  symbol:   class Provides
  location: class leadsm24.AppModule
src/main/java/leadsm24/AppModule.java:25: error: cannot find symbol
    @Named("restx.admin.password")
     ^
  symbol:   class Named
  location: class leadsm24.AppModule
src/main/java/leadsm24/AppModule.java:30: error: cannot find symbol
    @Provides
     ^
  symbol:   class Provides
  location: class leadsm24.AppModule
src/main/java/leadsm24/AppModule.java:36: error: cannot find symbol
    @Provides
     ^
  symbol:   class Provides
  location: class leadsm24.AppModule
src/main/java/leadsm24/AppModule.java:44: error: cannot find symbol
            @Named("restx.admin.passwordHash") String defaultAdminPasswordHash, ObjectMapper mapper) {
             ^
  symbol:   class Named
  location: class leadsm24.AppModule
src/main/java/leadsm24/AppModule.java:41: error: cannot find symbol
    @Provides
     ^
  symbol:   class Provides
  location: class leadsm24.AppModule
src/main/java/leadsm24/rest/LEADSM24Resource.java:34: error: cannot find symbol
    @GET("/F1")
     ^
  symbol:   class GET
  location: class leadsm24.rest.LEADSM24Resource
src/main/java/leadsm24/rest/LEADSM24Resource.java:35: error: cannot find symbol
    @RolesAllowed(Roles.HELLO_ROLE)
     ^
  symbol:   class RolesAllowed
  location: class leadsm24.rest.LEADSM24Resource
src/main/java/leadsm24/rest/LEADSM24Resource.java:76: error: cannot find symbol
    @GET("/F1A")
     ^
  symbol:   class GET
  location: class leadsm24.rest.LEADSM24Resource
src/main/java/leadsm24/rest/LEADSM24Resource.java:77: error: cannot find symbol
    @RolesAllowed(Roles.HELLO_ROLE)
     ^
  symbol:   class RolesAllowed
  location: class leadsm24.rest.LEADSM24Resource
src/main/java/leadsm24/rest/LEADSM24Resource.java:112: error: cannot find symbol
    @GET("/F2")
     ^
  symbol:   class GET
  location: class leadsm24.rest.LEADSM24Resource
src/main/java/leadsm24/rest/LEADSM24Resource.java:113: error: cannot find symbol
    @RolesAllowed(Roles.HELLO_ROLE)
     ^
  symbol:   class RolesAllowed
  location: class leadsm24.rest.LEADSM24Resource
src/main/java/eu/leads/api/m24/func/Functionality1A.java:133: error: cannot find symbol
		Session session = (Session) DataStoreSingleton.getDataStore().getFamilyStorageHandle(null);
		^
  symbol:   class Session
  location: class eu.leads.api.m24.func.Functionality1A
src/main/java/eu/leads/api/m24/func/Functionality1A.java:133: error: cannot find symbol
		Session session = (Session) DataStoreSingleton.getDataStore().getFamilyStorageHandle(null);
		                   ^
  symbol:   class Session
  location: class eu.leads.api.m24.func.Functionality1A
src/main/java/eu/leads/api/m24/func/Functionality1A.java:150: error: cannot find symbol
			ResultSet rs = session.execute(query1);
			^
  symbol:   class ResultSet
  location: class eu.leads.api.m24.func.Functionality1A
src/main/java/eu/leads/api/m24/func/Functionality1A.java:151: error: cannot find symbol
			for(Row row : rs)
			    ^
  symbol:   class Row
  location: class eu.leads.api.m24.func.Functionality1A
src/main/java/eu/leads/api/m24/func/Functionality1A.java:175: error: cannot find symbol
				ResultSet rs2 = session.execute(query2);
				^
  symbol:   class ResultSet
  location: class eu.leads.api.m24.func.Functionality1A
src/main/java/eu/leads/api/m24/func/Functionality1A.java:177: error: cannot find symbol
					Row row = rs2.iterator().next();
					^
  symbol:   class Row
  location: class eu.leads.api.m24.func.Functionality1A
src/main/java/eu/leads/api/m24/func/Functionality1A.java:198: error: cannot find symbol
					ResultSet rs3 = session.execute(query3);	
					^
  symbol:   class ResultSet
  location: class eu.leads.api.m24.func.Functionality1A
src/main/java/eu/leads/api/m24/func/Functionality1A.java:200: error: cannot find symbol
						Row row = rs3.iterator().next();
						^
  symbol:   class Row
  location: class eu.leads.api.m24.func.Functionality1A
src/main/java/eu/leads/api/m24/func/Functionality2.java:133: error: cannot find symbol
		Session session = (Session) DataStoreSingleton.getDataStore().getFamilyStorageHandle(null);
		^
  symbol:   class Session
  location: class eu.leads.api.m24.func.Functionality2
src/main/java/eu/leads/api/m24/func/Functionality2.java:133: error: cannot find symbol
		Session session = (Session) DataStoreSingleton.getDataStore().getFamilyStorageHandle(null);
		                   ^
  symbol:   class Session
  location: class eu.leads.api.m24.func.Functionality2
src/main/java/eu/leads/api/m24/func/Functionality2.java:147: error: cannot find symbol
			ResultSet rs = session.execute(query1);
			^
  symbol:   class ResultSet
  location: class eu.leads.api.m24.func.Functionality2
src/main/java/eu/leads/api/m24/func/Functionality2.java:148: error: cannot find symbol
			for(Row row : rs) {
			    ^
  symbol:   class Row
  location: class eu.leads.api.m24.func.Functionality2
src/main/java/eu/leads/api/m24/func/Functionality2.java:167: error: cannot find symbol
			ResultSet rs = session.execute(query2);
			^
  symbol:   class ResultSet
  location: class eu.leads.api.m24.func.Functionality2
src/main/java/eu/leads/api/m24/func/Functionality1.java:119: error: cannot find symbol
		Session session = (Session) DataStoreSingleton.getDataStore().getFamilyStorageHandle(null);
		^
  symbol:   class Session
  location: class eu.leads.api.m24.func.Functionality1
src/main/java/eu/leads/api/m24/func/Functionality1.java:119: error: cannot find symbol
		Session session = (Session) DataStoreSingleton.getDataStore().getFamilyStorageHandle(null);
		                   ^
  symbol:   class Session
  location: class eu.leads.api.m24.func.Functionality1
src/main/java/eu/leads/api/m24/func/Functionality1.java:136: error: cannot find symbol
			ResultSet rs = session.execute(query1);
			^
  symbol:   class ResultSet
  location: class eu.leads.api.m24.func.Functionality1
src/main/java/eu/leads/api/m24/func/Functionality1.java:137: error: cannot find symbol
			for(Row row : rs) {
			    ^
  symbol:   class Row
  location: class eu.leads.api.m24.func.Functionality1

	at restx.classloader.CompilationManager.compile(CompilationManager.java:504) ~[restx-classloader-0.33.1.jar:na]
	at restx.classloader.CompilationManager.access$700(CompilationManager.java:50) ~[restx-classloader-0.33.1.jar:na]
	at restx.classloader.CompilationManager$8.call(CompilationManager.java:332) ~[restx-classloader-0.33.1.jar:na]
	at restx.classloader.CompilationManager$8.call(CompilationManager.java:310) ~[restx-classloader-0.33.1.jar:na]
	at java.util.concurrent.FutureTask.run(FutureTask.java:262) ~[na:1.7.0_72]
	at java.util.concurrent.ScheduledThreadPoolExecutor$ScheduledFutureTask.access$201(ScheduledThreadPoolExecutor.java:178) ~[na:1.7.0_72]
	at java.util.concurrent.ScheduledThreadPoolExecutor$ScheduledFutureTask.run(ScheduledThreadPoolExecutor.java:292) ~[na:1.7.0_72]
	at java.util.concurrent.ThreadPoolExecutor.runWorker(ThreadPoolExecutor.java:1145) ~[na:1.7.0_72]
	at java.util.concurrent.ThreadPoolExecutor$Worker.run(ThreadPoolExecutor.java:615) ~[na:1.7.0_72]
	... 1 common frames omitted
2014-10-28 23:23:16,033 [Thread-3        ] [          ] INFO  o.e.jetty.util.thread.ShutdownThread - shutdown already commenced
